<?xml version="1.0" encoding="UTF-8"?>
<testsuites name="Backend1" tests="2" time="0.075">
  <testsuite name="Get user" id="a344b832-95dc-4ec4-b956-c6cb984a639e" timestamp="2024-05-09T09:46:22.709Z" tests="2" failures="0" errors="0" time="0.064">
    <testcase name="Status code is 200" time="0.064" classname="Backend1"/>
    <testcase name="Schema is valid" time="0.064" classname="Backend1"/>
  </testsuite>
  <testsuite name="Get merchant" id="c43a3c80-fde9-4e58-9395-cfac0e4eff62" timestamp="2024-05-09T09:46:22.709Z" tests="2" failures="0" errors="0" time="0.011">
    <testcase name="Status code is 200" time="0.011" classname="Backend1"/>
    <testcase name="Schema is valid" time="0.011" classname="Backend1"/>
  </testsuite>
</testsuites>