<?xml version="1.0" encoding="UTF-8"?>
<testsuites name="Third party" tests="1" time="0.070">
  <testsuite name="3rd party" id="ae9f210e-7c41-486b-a5c8-2f11873734ca" timestamp="2024-05-09T09:46:23.899Z" tests="2" failures="0" errors="0" time="0.070">
    <testcase name="Status code is 200" time="0.070" classname="ThirdParty"/>
    <testcase name="Schema is valid" time="0.070" classname="ThirdParty"/>
  </testsuite>
</testsuites>